This file contains any messages produced by compilers while
running configure, to aid debugging if configure makes a mistake.

It was created by goctf configure 1.2.0, which was
generated by GNU Autoconf 2.69.  Invocation command line was

  $ ../configure 

## --------- ##
## Platform. ##
## --------- ##

hostname = Chenlins-MacBook-Pro.local
uname -m = x86_64
uname -r = 20.5.0
uname -s = Darwin
uname -v = Darwin Kernel Version 20.5.0: Sat May  8 05:10:33 PDT 2021; root:xnu-7195.121.3~9/RELEASE_X86_64

/usr/bin/uname -p = i386
/bin/uname -X     = unknown

/bin/arch              = unknown
/usr/bin/arch -k       = unknown
/usr/convex/getsysinfo = unknown
/usr/bin/hostinfo      = Mach kernel version:
	 Darwin Kernel Version 20.5.0: Sat May  8 05:10:33 PDT 2021; root:xnu-7195.121.3~9/RELEASE_X86_64
Kernel configured for up to 8 processors.
4 processors are physically available.
8 processors are logically available.
Processor type: x86_64h (Intel x86-64h Haswell)
Processors active: 0 1 2 3 4 5 6 7
Primary memory available: 8.00 gigabytes
Default processor set: 450 tasks, 2254 threads, 8 processors
Load average: 3.49, Mach factor: 4.50
/bin/machine           = unknown
/usr/bin/oslevel       = unknown
/bin/universe          = unknown

PATH: /opt/anaconda3/bin
PATH: /opt/anaconda3/condabin
PATH: /usr/local/bin
PATH: /usr/local/sbin
PATH: /usr/local/bin
PATH: /usr/local/sbin
PATH: /usr/local/bin
PATH: /usr/local/sbin
PATH: /usr/local/bin
PATH: /usr/local/sbin
PATH: /usr/local/bin
PATH: /usr/local/sbin
PATH: /usr/local/bin
PATH: /usr/local/sbin
PATH: /usr/local/bin
PATH: /usr/local/sbin
PATH: /usr/local/bin
PATH: /usr/local/sbin
PATH: /usr/local/bin
PATH: /usr/local/sbin
PATH: /usr/local/bin
PATH: /usr/local/sbin
PATH: /usr/local/bin
PATH: /usr/local/sbin
PATH: /usr/local/bin
PATH: /usr/local/sbin
PATH: /usr/local/bin
PATH: /usr/local/sbin
PATH: /usr/local/bin
PATH: /usr/local/sbin
PATH: /usr/local/bin
PATH: /usr/bin
PATH: /bin
PATH: /usr/sbin
PATH: /sbin
PATH: /opt/X11/bin


## ----------- ##
## Core tests. ##
## ----------- ##

configure:2460: checking for a BSD-compatible install
configure:2528: result: /usr/bin/install -c
configure:2539: checking whether build environment is sane
configure:2594: result: yes
configure:2745: checking for a thread-safe mkdir -p
configure:2784: result: ../install-sh -c -d
configure:2791: checking for gawk
configure:2821: result: no
configure:2791: checking for mawk
configure:2821: result: no
configure:2791: checking for nawk
configure:2821: result: no
configure:2791: checking for awk
configure:2807: found /usr/bin/awk
configure:2818: result: awk
configure:2829: checking whether make sets $(MAKE)
configure:2851: result: yes
configure:2880: checking whether make supports nested variables
configure:2897: result: yes
configure:3039: checking for icc
configure:3069: result: no
configure:3039: checking for gcc
configure:3055: found /usr/bin/gcc
configure:3066: result: gcc
configure:3097: checking for C compiler version
configure:3106: gcc --version >&5
Apple clang version 12.0.5 (clang-1205.0.22.11)
Target: x86_64-apple-darwin20.5.0
Thread model: posix
InstalledDir: /Library/Developer/CommandLineTools/usr/bin
Configured with: --prefix=/Library/Developer/CommandLineTools/usr --with-gxx-include-dir=/Library/Developer/CommandLineTools/SDKs/MacOSX.sdk/usr/include/c++/4.2.1
configure:3117: $? = 0
configure:3106: gcc -v >&5
Configured with: --prefix=/Library/Developer/CommandLineTools/usr --with-gxx-include-dir=/Library/Developer/CommandLineTools/SDKs/MacOSX.sdk/usr/include/c++/4.2.1
Apple clang version 12.0.5 (clang-1205.0.22.11)
Target: x86_64-apple-darwin20.5.0
Thread model: posix
InstalledDir: /Library/Developer/CommandLineTools/usr/bin
configure:3117: $? = 0
configure:3106: gcc -V >&5
clang: error: argument to '-V' is missing (expected 1 value)
clang: error: no input files
configure:3117: $? = 1
configure:3106: gcc -qversion >&5
clang: error: unknown argument '-qversion'; did you mean '--version'?
clang: error: no input files
configure:3117: $? = 1
configure:3137: checking whether the C compiler works
configure:3159: gcc    conftest.c  >&5
configure:3163: $? = 0
configure:3211: result: yes
configure:3214: checking for C compiler default output file name
configure:3216: result: a.out
configure:3222: checking for suffix of executables
configure:3229: gcc -o conftest    conftest.c  >&5
configure:3233: $? = 0
configure:3255: result: 
configure:3277: checking whether we are cross compiling
configure:3285: gcc -o conftest    conftest.c  >&5
configure:3289: $? = 0
configure:3296: ./conftest
configure:3300: $? = 0
configure:3315: result: no
configure:3320: checking for suffix of object files
configure:3342: gcc -c   conftest.c >&5
configure:3346: $? = 0
configure:3367: result: o
configure:3371: checking whether we are using the GNU C compiler
configure:3390: gcc -c   conftest.c >&5
configure:3390: $? = 0
configure:3399: result: yes
configure:3408: checking whether gcc accepts -g
configure:3428: gcc -c -g  conftest.c >&5
configure:3428: $? = 0
configure:3469: result: yes
configure:3486: checking for gcc option to accept ISO C89
configure:3549: gcc  -c -g -O2  conftest.c >&5
configure:3549: $? = 0
configure:3562: result: none needed
configure:3593: checking for style of include used by make
configure:3621: result: GNU
configure:3647: checking dependency style of gcc
configure:3758: result: gcc3
configure:3831: checking for icpc
configure:3861: result: no
configure:3831: checking for g++
configure:3847: found /usr/bin/g++
configure:3858: result: g++
configure:3885: checking for C++ compiler version
configure:3894: g++ --version >&5
Apple clang version 12.0.5 (clang-1205.0.22.11)
Target: x86_64-apple-darwin20.5.0
Thread model: posix
InstalledDir: /Library/Developer/CommandLineTools/usr/bin
Configured with: --prefix=/Library/Developer/CommandLineTools/usr --with-gxx-include-dir=/Library/Developer/CommandLineTools/SDKs/MacOSX.sdk/usr/include/c++/4.2.1
configure:3905: $? = 0
configure:3894: g++ -v >&5
Configured with: --prefix=/Library/Developer/CommandLineTools/usr --with-gxx-include-dir=/Library/Developer/CommandLineTools/SDKs/MacOSX.sdk/usr/include/c++/4.2.1
Apple clang version 12.0.5 (clang-1205.0.22.11)
Target: x86_64-apple-darwin20.5.0
Thread model: posix
InstalledDir: /Library/Developer/CommandLineTools/usr/bin
configure:3905: $? = 0
configure:3894: g++ -V >&5
clang: error: argument to '-V' is missing (expected 1 value)
clang: error: no input files
configure:3905: $? = 1
configure:3894: g++ -qversion >&5
clang: error: unknown argument '-qversion'; did you mean '--version'?
clang: error: no input files
configure:3905: $? = 1
configure:3909: checking whether we are using the GNU C++ compiler
configure:3928: g++ -c   conftest.cpp >&5
configure:3928: $? = 0
configure:3937: result: yes
configure:3946: checking whether g++ accepts -g
configure:3966: g++ -c -g  conftest.cpp >&5
configure:3966: $? = 0
configure:4007: result: yes
configure:4032: checking dependency style of g++
configure:4143: result: gcc3
configure:4160: checking whether gcc and cc understand -c and -o together
configure:4191: gcc -c conftest.c -o conftest2.o >&5
configure:4195: $? = 0
configure:4201: gcc -c conftest.c -o conftest2.o >&5
configure:4205: $? = 0
configure:4216: cc -c conftest.c >&5
configure:4220: $? = 0
configure:4228: cc -c conftest.c -o conftest2.o >&5
configure:4232: $? = 0
configure:4238: cc -c conftest.c -o conftest2.o >&5
configure:4242: $? = 0
configure:4260: result: yes
configure:4316: checking build system type
configure:4330: result: x86_64-apple-darwin20.5.0
configure:4350: checking host system type
configure:4363: result: x86_64-apple-darwin20.5.0
configure:4404: checking how to print strings
configure:4431: result: printf
configure:4452: checking for a sed that does not truncate output
configure:4516: result: /usr/bin/sed
configure:4534: checking for grep that handles long lines and -e
configure:4592: result: /usr/bin/grep
configure:4597: checking for egrep
configure:4659: result: /usr/bin/grep -E
configure:4664: checking for fgrep
configure:4726: result: /usr/bin/grep -F
configure:4761: checking for ld used by gcc
configure:4828: result: /Library/Developer/CommandLineTools/usr/bin/ld
configure:4835: checking if the linker (/Library/Developer/CommandLineTools/usr/bin/ld) is GNU ld
configure:4850: result: no
configure:4862: checking for BSD- or MS-compatible name lister (nm)
configure:4911: result: /usr/bin/nm -B
configure:5041: checking the name lister (/usr/bin/nm -B) interface
configure:5048: gcc -c -g -O2  conftest.c >&5
configure:5051: /usr/bin/nm -B "conftest.o"
configure:5054: output
0000000000000224 S _some_variable
configure:5061: result: BSD nm
configure:5064: checking whether ln -s works
configure:5068: result: yes
configure:5076: checking the maximum length of command line arguments
configure:5206: result: 786432
configure:5223: checking whether the shell understands some XSI constructs
configure:5233: result: yes
configure:5237: checking whether the shell understands "+="
configure:5243: result: yes
configure:5278: checking how to convert x86_64-apple-darwin20.5.0 file names to x86_64-apple-darwin20.5.0 format
configure:5318: result: func_convert_file_noop
configure:5325: checking how to convert x86_64-apple-darwin20.5.0 file names to toolchain format
configure:5345: result: func_convert_file_noop
configure:5352: checking for /Library/Developer/CommandLineTools/usr/bin/ld option to reload object files
configure:5359: result: -r
configure:5433: checking for objdump
configure:5449: found /usr/bin/objdump
configure:5460: result: objdump
configure:5492: checking how to recognize dependent libraries
configure:5694: result: pass_all
configure:5779: checking for dlltool
configure:5809: result: no
configure:5839: checking how to associate runtime and link libraries
configure:5866: result: printf %s\n
configure:5927: checking for ar
configure:5943: found /usr/bin/ar
configure:5954: result: ar
configure:5991: checking for archiver @FILE support
configure:6008: gcc -c -g -O2  conftest.c >&5
configure:6008: $? = 0
configure:6011: ar cru libconftest.a @conftest.lst >&5
ar: @conftest.lst: No such file or directory
configure:6014: $? = 1
configure:6034: result: no
configure:6092: checking for strip
configure:6108: found /usr/bin/strip
configure:6119: result: strip
configure:6191: checking for ranlib
configure:6207: found /usr/bin/ranlib
configure:6218: result: ranlib
configure:6320: checking command to parse /usr/bin/nm -B output from gcc object
configure:6440: gcc -c -g -O2  conftest.c >&5
configure:6443: $? = 0
configure:6447: /usr/bin/nm -B conftest.o \| sed -n -e 's/^.*[ ]\([BCDEGRST][BCDEGRST]*\)[ ][ ]*\([_A-Za-z][_A-Za-z0-9]*\)$/\1 \2 \2/p' | sed '/ __gnu_lto/d' \> conftest.nm
configure:6450: $? = 0
cannot find nm_test_var in conftest.nm
configure:6440: gcc -c -g -O2  conftest.c >&5
configure:6443: $? = 0
configure:6447: /usr/bin/nm -B conftest.o \| sed -n -e 's/^.*[ ]\([BCDEGRST][BCDEGRST]*\)[ ][ ]*_\([_A-Za-z][_A-Za-z0-9]*\)$/\1 _\2 \2/p' | sed '/ __gnu_lto/d' \> conftest.nm
configure:6450: $? = 0
configure:6516: gcc -o conftest -g -O2   conftest.c conftstm.o >&5
warning: (x86_64)  could not find object file symbol for symbol _main
configure:6519: $? = 0
configure:6557: result: ok
configure:6594: checking for sysroot
configure:6624: result: no
configure:6880: checking for mt
configure:6910: result: no
configure:6930: checking if : is a manifest tool
configure:6936: : '-?'
configure:6944: result: no
configure:7000: checking for dsymutil
configure:7016: found /usr/bin/dsymutil
configure:7027: result: dsymutil
configure:7092: checking for nmedit
configure:7108: found /usr/bin/nmedit
configure:7119: result: nmedit
configure:7184: checking for lipo
configure:7200: found /usr/bin/lipo
configure:7211: result: lipo
configure:7276: checking for otool
configure:7292: found /usr/bin/otool
configure:7303: result: otool
configure:7368: checking for otool64
configure:7398: result: no
configure:7443: checking for -single_module linker flag
gcc -g -O2  -o libconftest.dylib -dynamiclib -Wl,-single_module conftest.c
configure:7476: result: yes
configure:7479: checking for -exported_symbols_list linker flag
configure:7499: gcc -o conftest -g -O2   -Wl,-exported_symbols_list,conftest.sym conftest.c  >&5
configure:7499: $? = 0
configure:7509: result: yes
configure:7512: checking for -force_load linker flag
gcc -g -O2 -c -o conftest.o conftest.c
ar cru libconftest.a conftest.o
ranlib libconftest.a
gcc -g -O2  -o conftest conftest.c -Wl,-force_load,./libconftest.a
configure:7544: result: yes
configure:7586: checking how to run the C preprocessor
configure:7617: gcc -E  conftest.c
configure:7617: $? = 0
configure:7631: gcc -E  conftest.c
conftest.c:11:10: fatal error: 'ac_nonexistent.h' file not found
#include <ac_nonexistent.h>
         ^~~~~~~~~~~~~~~~~~
1 error generated.
configure:7631: $? = 1
configure: failed program was:
| /* confdefs.h */
| #define PACKAGE_NAME "goctf"
| #define PACKAGE_TARNAME "goctf"
| #define PACKAGE_VERSION "1.2.0"
| #define PACKAGE_STRING "goctf 1.2.0"
| #define PACKAGE_BUGREPORT ""
| #define PACKAGE_URL ""
| #define PACKAGE "goctf"
| #define VERSION "1.2.0"
| /* end confdefs.h.  */
| #include <ac_nonexistent.h>
configure:7656: result: gcc -E
configure:7676: gcc -E  conftest.c
configure:7676: $? = 0
configure:7690: gcc -E  conftest.c
conftest.c:11:10: fatal error: 'ac_nonexistent.h' file not found
#include <ac_nonexistent.h>
         ^~~~~~~~~~~~~~~~~~
1 error generated.
configure:7690: $? = 1
configure: failed program was:
| /* confdefs.h */
| #define PACKAGE_NAME "goctf"
| #define PACKAGE_TARNAME "goctf"
| #define PACKAGE_VERSION "1.2.0"
| #define PACKAGE_STRING "goctf 1.2.0"
| #define PACKAGE_BUGREPORT ""
| #define PACKAGE_URL ""
| #define PACKAGE "goctf"
| #define VERSION "1.2.0"
| /* end confdefs.h.  */
| #include <ac_nonexistent.h>
configure:7719: checking for ANSI C header files
configure:7739: gcc -c -g -O2  conftest.c >&5
configure:7739: $? = 0
configure:7812: gcc -o conftest -g -O2   conftest.c  >&5
configure:7812: $? = 0
configure:7812: ./conftest
configure:7812: $? = 0
configure:7823: result: yes
configure:7836: checking for sys/types.h
configure:7836: gcc -c -g -O2  conftest.c >&5
configure:7836: $? = 0
configure:7836: result: yes
configure:7836: checking for sys/stat.h
configure:7836: gcc -c -g -O2  conftest.c >&5
configure:7836: $? = 0
configure:7836: result: yes
configure:7836: checking for stdlib.h
configure:7836: gcc -c -g -O2  conftest.c >&5
configure:7836: $? = 0
configure:7836: result: yes
configure:7836: checking for string.h
configure:7836: gcc -c -g -O2  conftest.c >&5
configure:7836: $? = 0
configure:7836: result: yes
configure:7836: checking for memory.h
configure:7836: gcc -c -g -O2  conftest.c >&5
configure:7836: $? = 0
configure:7836: result: yes
configure:7836: checking for strings.h
configure:7836: gcc -c -g -O2  conftest.c >&5
configure:7836: $? = 0
configure:7836: result: yes
configure:7836: checking for inttypes.h
configure:7836: gcc -c -g -O2  conftest.c >&5
configure:7836: $? = 0
configure:7836: result: yes
configure:7836: checking for stdint.h
configure:7836: gcc -c -g -O2  conftest.c >&5
configure:7836: $? = 0
configure:7836: result: yes
configure:7836: checking for unistd.h
configure:7836: gcc -c -g -O2  conftest.c >&5
configure:7836: $? = 0
configure:7836: result: yes
configure:7850: checking for dlfcn.h
configure:7850: gcc -c -g -O2  conftest.c >&5
configure:7850: $? = 0
configure:7850: result: yes
configure:8066: checking for objdir
configure:8081: result: .libs
configure:8352: checking if gcc supports -fno-rtti -fno-exceptions
configure:8370: gcc -c -g -O2  -fno-rtti -fno-exceptions conftest.c >&5
configure:8374: $? = 0
configure:8387: result: yes
configure:8714: checking for gcc option to produce PIC
configure:8721: result: -fno-common -DPIC
configure:8729: checking if gcc PIC flag -fno-common -DPIC works
configure:8747: gcc -c -g -O2  -fno-common -DPIC -DPIC conftest.c >&5
configure:8751: $? = 0
configure:8764: result: yes
configure:8793: checking if gcc static flag -static works
configure:8821: result: no
configure:8836: checking if gcc supports -c -o file.o
configure:8857: gcc -c -g -O2  -o out/conftest2.o conftest.c >&5
configure:8861: $? = 0
configure:8883: result: yes
configure:8891: checking if gcc supports -c -o file.o
configure:8938: result: yes
configure:8971: checking whether the gcc linker (/Library/Developer/CommandLineTools/usr/bin/ld) supports shared libraries
configure:10124: result: yes
configure:10364: checking dynamic linker characteristics
configure:11101: result: darwin20.5.0 dyld
configure:11208: checking how to hardcode library paths into programs
configure:11233: result: immediate
configure:11278: checking for dlopen in -ldl
configure:11303: gcc -o conftest -g -O2   conftest.c -ldl   >&5
configure:11303: $? = 0
configure:11312: result: yes
configure:11527: checking whether a program can dlopen itself
configure:11607: gcc -o conftest -g -O2  -DHAVE_DLFCN_H   conftest.c -ldl  >&5
configure:11610: $? = 0
configure:11628: result: yes
configure:11633: checking whether a statically linked program can dlopen itself
configure:11713: gcc -o conftest -g -O2  -DHAVE_DLFCN_H    conftest.c -ldl  >&5
configure:11716: $? = 0
configure:11734: result: yes
configure:11773: checking whether stripping libraries is possible
configure:11787: result: yes
configure:11813: checking if libtool supports shared libraries
configure:11815: result: yes
configure:11818: checking whether to build shared libraries
configure:11839: result: yes
configure:11842: checking whether to build static libraries
configure:11846: result: yes
configure:11869: checking how to run the C++ preprocessor
configure:11896: g++ -E  conftest.cpp
configure:11896: $? = 0
configure:11910: g++ -E  conftest.cpp
conftest.cpp:23:10: fatal error: 'ac_nonexistent.h' file not found
#include <ac_nonexistent.h>
         ^~~~~~~~~~~~~~~~~~
1 error generated.
configure:11910: $? = 1
configure: failed program was:
| /* confdefs.h */
| #define PACKAGE_NAME "goctf"
| #define PACKAGE_TARNAME "goctf"
| #define PACKAGE_VERSION "1.2.0"
| #define PACKAGE_STRING "goctf 1.2.0"
| #define PACKAGE_BUGREPORT ""
| #define PACKAGE_URL ""
| #define PACKAGE "goctf"
| #define VERSION "1.2.0"
| #define STDC_HEADERS 1
| #define HAVE_SYS_TYPES_H 1
| #define HAVE_SYS_STAT_H 1
| #define HAVE_STDLIB_H 1
| #define HAVE_STRING_H 1
| #define HAVE_MEMORY_H 1
| #define HAVE_STRINGS_H 1
| #define HAVE_INTTYPES_H 1
| #define HAVE_STDINT_H 1
| #define HAVE_UNISTD_H 1
| #define HAVE_DLFCN_H 1
| #define LT_OBJDIR ".libs/"
| /* end confdefs.h.  */
| #include <ac_nonexistent.h>
configure:11935: result: g++ -E
configure:11955: g++ -E  conftest.cpp
configure:11955: $? = 0
configure:11969: g++ -E  conftest.cpp
conftest.cpp:23:10: fatal error: 'ac_nonexistent.h' file not found
#include <ac_nonexistent.h>
         ^~~~~~~~~~~~~~~~~~
1 error generated.
configure:11969: $? = 1
configure: failed program was:
| /* confdefs.h */
| #define PACKAGE_NAME "goctf"
| #define PACKAGE_TARNAME "goctf"
| #define PACKAGE_VERSION "1.2.0"
| #define PACKAGE_STRING "goctf 1.2.0"
| #define PACKAGE_BUGREPORT ""
| #define PACKAGE_URL ""
| #define PACKAGE "goctf"
| #define VERSION "1.2.0"
| #define STDC_HEADERS 1
| #define HAVE_SYS_TYPES_H 1
| #define HAVE_SYS_STAT_H 1
| #define HAVE_STDLIB_H 1
| #define HAVE_STRING_H 1
| #define HAVE_MEMORY_H 1
| #define HAVE_STRINGS_H 1
| #define HAVE_INTTYPES_H 1
| #define HAVE_STDINT_H 1
| #define HAVE_UNISTD_H 1
| #define HAVE_DLFCN_H 1
| #define LT_OBJDIR ".libs/"
| /* end confdefs.h.  */
| #include <ac_nonexistent.h>
configure:12138: checking for ld used by g++
configure:12205: result: /Library/Developer/CommandLineTools/usr/bin/ld
configure:12212: checking if the linker (/Library/Developer/CommandLineTools/usr/bin/ld) is GNU ld
configure:12227: result: no
configure:12282: checking whether the g++ linker (/Library/Developer/CommandLineTools/usr/bin/ld) supports shared libraries
configure:13287: result: yes
configure:13323: g++ -c -g -O2  conftest.cpp >&5
configure:13326: $? = 0
configure:13846: checking for g++ option to produce PIC
configure:13853: result: -fno-common -DPIC
configure:13861: checking if g++ PIC flag -fno-common -DPIC works
configure:13879: g++ -c -g -O2  -fno-common -DPIC -DPIC conftest.cpp >&5
configure:13883: $? = 0
configure:13896: result: yes
configure:13919: checking if g++ static flag -static works
configure:13947: result: no
configure:13959: checking if g++ supports -c -o file.o
configure:13980: g++ -c -g -O2  -o out/conftest2.o conftest.cpp >&5
configure:13984: $? = 0
configure:14006: result: yes
configure:14011: checking if g++ supports -c -o file.o
configure:14058: result: yes
configure:14088: checking whether the g++ linker (/Library/Developer/CommandLineTools/usr/bin/ld) supports shared libraries
configure:14124: result: yes
configure:14265: checking dynamic linker characteristics
configure:14936: result: darwin20.5.0 dyld
configure:14989: checking how to hardcode library paths into programs
configure:15014: result: immediate
configure:15137: static_link = false
configure:15222: checking wxWidgets version
configure:15225: result: 3.1.5
configure:15263: checking fftw3.h usability
configure:15263: g++ -c  -DNDEBUG -funroll-loops -O3 -Wall -pipe -fexpensive-optimizations -D_FILE_OFFSET_BITS=64 -D_LARGEFILE_SOURCE  -DNDEBUG -funroll-loops -O3 -Wall -pipe -fexpensive-optimizations -D_FILE_OFFSET_BITS=64 -D_LARGEFILE_SOURCE conftest.cpp >&5
clang: warning: optimization flag '-fexpensive-optimizations' is not supported [-Wignored-optimization-argument]
clang: warning: optimization flag '-fexpensive-optimizations' is not supported [-Wignored-optimization-argument]
configure:15263: $? = 0
configure:15263: result: yes
configure:15263: checking fftw3.h presence
configure:15263: g++ -E  -DNDEBUG -funroll-loops -O3 -Wall -pipe -fexpensive-optimizations -D_FILE_OFFSET_BITS=64 -D_LARGEFILE_SOURCE conftest.cpp
clang: warning: optimization flag '-fexpensive-optimizations' is not supported [-Wignored-optimization-argument]
configure:15263: $? = 0
configure:15263: result: yes
configure:15263: checking for fftw3.h
configure:15263: result: yes
configure:15271: checking for fftwf_malloc in -lmkl_intel_lp64
configure:15296: g++ -o conftest  -DNDEBUG -funroll-loops -O3 -Wall -pipe -fexpensive-optimizations -D_FILE_OFFSET_BITS=64 -D_LARGEFILE_SOURCE  -DNDEBUG -funroll-loops -O3 -Wall -pipe -fexpensive-optimizations -D_FILE_OFFSET_BITS=64 -D_LARGEFILE_SOURCE  conftest.cpp -lmkl_intel_lp64 -lmkl_core -lmkl_sequential -lpthread  -ldl >&5
clang: warning: optimization flag '-fexpensive-optimizations' is not supported [-Wignored-optimization-argument]
clang: warning: optimization flag '-fexpensive-optimizations' is not supported [-Wignored-optimization-argument]
ld: library not found for -lmkl_intel_lp64
clang: error: linker command failed with exit code 1 (use -v to see invocation)
configure:15296: $? = 1
configure: failed program was:
| /* confdefs.h */
| #define PACKAGE_NAME "goctf"
| #define PACKAGE_TARNAME "goctf"
| #define PACKAGE_VERSION "1.2.0"
| #define PACKAGE_STRING "goctf 1.2.0"
| #define PACKAGE_BUGREPORT ""
| #define PACKAGE_URL ""
| #define PACKAGE "goctf"
| #define VERSION "1.2.0"
| #define STDC_HEADERS 1
| #define HAVE_SYS_TYPES_H 1
| #define HAVE_SYS_STAT_H 1
| #define HAVE_STDLIB_H 1
| #define HAVE_STRING_H 1
| #define HAVE_MEMORY_H 1
| #define HAVE_STRINGS_H 1
| #define HAVE_INTTYPES_H 1
| #define HAVE_STDINT_H 1
| #define HAVE_UNISTD_H 1
| #define HAVE_DLFCN_H 1
| #define LT_OBJDIR ".libs/"
| #define wx_is_available 1
| /* end confdefs.h.  */
| 
| /* Override any GCC internal prototype to avoid an error.
|    Use char because int might match the return type of a GCC
|    builtin and then its argument prototype would still apply.  */
| #ifdef __cplusplus
| extern "C"
| #endif
| char fftwf_malloc ();
| int
| main ()
| {
| return fftwf_malloc ();
|   ;
|   return 0;
| }
configure:15305: result: no
configure:15338: checking for fftwf_malloc in -lfftw3f
configure:15363: g++ -o conftest  -DNDEBUG -funroll-loops -O3 -Wall -pipe -fexpensive-optimizations -D_FILE_OFFSET_BITS=64 -D_LARGEFILE_SOURCE  -DNDEBUG -funroll-loops -O3 -Wall -pipe -fexpensive-optimizations -D_FILE_OFFSET_BITS=64 -D_LARGEFILE_SOURCE  conftest.cpp -lfftw3f   -ldl >&5
clang: warning: optimization flag '-fexpensive-optimizations' is not supported [-Wignored-optimization-argument]
clang: warning: optimization flag '-fexpensive-optimizations' is not supported [-Wignored-optimization-argument]
ld: warning: dylib (/usr/local/lib/libfftw3f.dylib) was built for newer macOS version (11.3) than being linked (11.0)
configure:15363: $? = 0
configure:15372: result: yes
configure:15380: Using FFTW for Fourier transforms
configure:15401: checking for TIFFOpen in -lwxtiff-3.0
configure:15426: g++ -o conftest  -DNDEBUG -funroll-loops -O3 -Wall -pipe -fexpensive-optimizations -D_FILE_OFFSET_BITS=64 -D_LARGEFILE_SOURCE  -DNDEBUG -funroll-loops -O3 -Wall -pipe -fexpensive-optimizations -D_FILE_OFFSET_BITS=64 -D_LARGEFILE_SOURCE  conftest.cpp -lwxtiff-3.0 -L/usr/local/lib   -framework IOKit -framework Carbon -framework Cocoa -framework QuartzCore -framework AudioToolbox -framework System -framework OpenGL -lwx_baseu-3.1   -ldl -lfftw3f >&5
clang: warning: optimization flag '-fexpensive-optimizations' is not supported [-Wignored-optimization-argument]
clang: warning: optimization flag '-fexpensive-optimizations' is not supported [-Wignored-optimization-argument]
ld: library not found for -lwxtiff-3.0
clang: error: linker command failed with exit code 1 (use -v to see invocation)
configure:15426: $? = 1
configure: failed program was:
| /* confdefs.h */
| #define PACKAGE_NAME "goctf"
| #define PACKAGE_TARNAME "goctf"
| #define PACKAGE_VERSION "1.2.0"
| #define PACKAGE_STRING "goctf 1.2.0"
| #define PACKAGE_BUGREPORT ""
| #define PACKAGE_URL ""
| #define PACKAGE "goctf"
| #define VERSION "1.2.0"
| #define STDC_HEADERS 1
| #define HAVE_SYS_TYPES_H 1
| #define HAVE_SYS_STAT_H 1
| #define HAVE_STDLIB_H 1
| #define HAVE_STRING_H 1
| #define HAVE_MEMORY_H 1
| #define HAVE_STRINGS_H 1
| #define HAVE_INTTYPES_H 1
| #define HAVE_STDINT_H 1
| #define HAVE_UNISTD_H 1
| #define HAVE_DLFCN_H 1
| #define LT_OBJDIR ".libs/"
| #define wx_is_available 1
| /* end confdefs.h.  */
| 
| /* Override any GCC internal prototype to avoid an error.
|    Use char because int might match the return type of a GCC
|    builtin and then its argument prototype would still apply.  */
| #ifdef __cplusplus
| extern "C"
| #endif
| char TIFFOpen ();
| int
| main ()
| {
| return TIFFOpen ();
|   ;
|   return 0;
| }
configure:15435: result: no
configure:15444: checking tiffio.h usability
configure:15444: g++ -c  -DNDEBUG -funroll-loops -O3 -Wall -pipe -fexpensive-optimizations -D_FILE_OFFSET_BITS=64 -D_LARGEFILE_SOURCE  -DNDEBUG -funroll-loops -O3 -Wall -pipe -fexpensive-optimizations -D_FILE_OFFSET_BITS=64 -D_LARGEFILE_SOURCE conftest.cpp >&5
clang: warning: optimization flag '-fexpensive-optimizations' is not supported [-Wignored-optimization-argument]
clang: warning: optimization flag '-fexpensive-optimizations' is not supported [-Wignored-optimization-argument]
configure:15444: $? = 0
configure:15444: result: yes
configure:15444: checking tiffio.h presence
configure:15444: g++ -E  -DNDEBUG -funroll-loops -O3 -Wall -pipe -fexpensive-optimizations -D_FILE_OFFSET_BITS=64 -D_LARGEFILE_SOURCE conftest.cpp
clang: warning: optimization flag '-fexpensive-optimizations' is not supported [-Wignored-optimization-argument]
configure:15444: $? = 0
configure:15444: result: yes
configure:15444: checking for tiffio.h
configure:15444: result: yes
configure:15452: checking for library containing inflate
configure:15483: g++ -o conftest  -DNDEBUG -funroll-loops -O3 -Wall -pipe -fexpensive-optimizations -D_FILE_OFFSET_BITS=64 -D_LARGEFILE_SOURCE  -DNDEBUG -funroll-loops -O3 -Wall -pipe -fexpensive-optimizations -D_FILE_OFFSET_BITS=64 -D_LARGEFILE_SOURCE  conftest.cpp  -ldl -lfftw3f >&5
clang: warning: optimization flag '-fexpensive-optimizations' is not supported [-Wignored-optimization-argument]
clang: warning: optimization flag '-fexpensive-optimizations' is not supported [-Wignored-optimization-argument]
ld: warning: dylib (/usr/local/lib/libfftw3f.dylib) was built for newer macOS version (11.3) than being linked (11.0)
Undefined symbols for architecture x86_64:
  "_inflate", referenced from:
      _main in conftest-e57a6e.o
ld: symbol(s) not found for architecture x86_64
clang: error: linker command failed with exit code 1 (use -v to see invocation)
configure:15483: $? = 1
configure: failed program was:
| /* confdefs.h */
| #define PACKAGE_NAME "goctf"
| #define PACKAGE_TARNAME "goctf"
| #define PACKAGE_VERSION "1.2.0"
| #define PACKAGE_STRING "goctf 1.2.0"
| #define PACKAGE_BUGREPORT ""
| #define PACKAGE_URL ""
| #define PACKAGE "goctf"
| #define VERSION "1.2.0"
| #define STDC_HEADERS 1
| #define HAVE_SYS_TYPES_H 1
| #define HAVE_SYS_STAT_H 1
| #define HAVE_STDLIB_H 1
| #define HAVE_STRING_H 1
| #define HAVE_MEMORY_H 1
| #define HAVE_STRINGS_H 1
| #define HAVE_INTTYPES_H 1
| #define HAVE_STDINT_H 1
| #define HAVE_UNISTD_H 1
| #define HAVE_DLFCN_H 1
| #define LT_OBJDIR ".libs/"
| #define wx_is_available 1
| /* end confdefs.h.  */
| 
| /* Override any GCC internal prototype to avoid an error.
|    Use char because int might match the return type of a GCC
|    builtin and then its argument prototype would still apply.  */
| #ifdef __cplusplus
| extern "C"
| #endif
| char inflate ();
| int
| main ()
| {
| return inflate ();
|   ;
|   return 0;
| }
configure:15483: g++ -o conftest  -DNDEBUG -funroll-loops -O3 -Wall -pipe -fexpensive-optimizations -D_FILE_OFFSET_BITS=64 -D_LARGEFILE_SOURCE  -DNDEBUG -funroll-loops -O3 -Wall -pipe -fexpensive-optimizations -D_FILE_OFFSET_BITS=64 -D_LARGEFILE_SOURCE  conftest.cpp -lz   -ldl -lfftw3f >&5
clang: warning: optimization flag '-fexpensive-optimizations' is not supported [-Wignored-optimization-argument]
clang: warning: optimization flag '-fexpensive-optimizations' is not supported [-Wignored-optimization-argument]
ld: warning: dylib (/usr/local/lib/libfftw3f.dylib) was built for newer macOS version (11.3) than being linked (11.0)
configure:15483: $? = 0
configure:15500: result: -lz
configure:15510: checking for library containing TIFFOpen
configure:15541: g++ -o conftest  -DNDEBUG -funroll-loops -O3 -Wall -pipe -fexpensive-optimizations -D_FILE_OFFSET_BITS=64 -D_LARGEFILE_SOURCE  -DNDEBUG -funroll-loops -O3 -Wall -pipe -fexpensive-optimizations -D_FILE_OFFSET_BITS=64 -D_LARGEFILE_SOURCE  conftest.cpp -lz  -ldl -lfftw3f >&5
clang: warning: optimization flag '-fexpensive-optimizations' is not supported [-Wignored-optimization-argument]
clang: warning: optimization flag '-fexpensive-optimizations' is not supported [-Wignored-optimization-argument]
ld: warning: dylib (/usr/local/lib/libfftw3f.dylib) was built for newer macOS version (11.3) than being linked (11.0)
Undefined symbols for architecture x86_64:
  "_TIFFOpen", referenced from:
      _main in conftest-0178f8.o
ld: symbol(s) not found for architecture x86_64
clang: error: linker command failed with exit code 1 (use -v to see invocation)
configure:15541: $? = 1
configure: failed program was:
| /* confdefs.h */
| #define PACKAGE_NAME "goctf"
| #define PACKAGE_TARNAME "goctf"
| #define PACKAGE_VERSION "1.2.0"
| #define PACKAGE_STRING "goctf 1.2.0"
| #define PACKAGE_BUGREPORT ""
| #define PACKAGE_URL ""
| #define PACKAGE "goctf"
| #define VERSION "1.2.0"
| #define STDC_HEADERS 1
| #define HAVE_SYS_TYPES_H 1
| #define HAVE_SYS_STAT_H 1
| #define HAVE_STDLIB_H 1
| #define HAVE_STRING_H 1
| #define HAVE_MEMORY_H 1
| #define HAVE_STRINGS_H 1
| #define HAVE_INTTYPES_H 1
| #define HAVE_STDINT_H 1
| #define HAVE_UNISTD_H 1
| #define HAVE_DLFCN_H 1
| #define LT_OBJDIR ".libs/"
| #define wx_is_available 1
| /* end confdefs.h.  */
| 
| /* Override any GCC internal prototype to avoid an error.
|    Use char because int might match the return type of a GCC
|    builtin and then its argument prototype would still apply.  */
| #ifdef __cplusplus
| extern "C"
| #endif
| char TIFFOpen ();
| int
| main ()
| {
| return TIFFOpen ();
|   ;
|   return 0;
| }
configure:15541: g++ -o conftest  -DNDEBUG -funroll-loops -O3 -Wall -pipe -fexpensive-optimizations -D_FILE_OFFSET_BITS=64 -D_LARGEFILE_SOURCE  -DNDEBUG -funroll-loops -O3 -Wall -pipe -fexpensive-optimizations -D_FILE_OFFSET_BITS=64 -D_LARGEFILE_SOURCE  conftest.cpp -ltiff -lm -lz -lz  -ldl -lfftw3f >&5
clang: warning: optimization flag '-fexpensive-optimizations' is not supported [-Wignored-optimization-argument]
clang: warning: optimization flag '-fexpensive-optimizations' is not supported [-Wignored-optimization-argument]
ld: warning: dylib (/usr/local/lib/libfftw3f.dylib) was built for newer macOS version (11.3) than being linked (11.0)
configure:15541: $? = 0
configure:15558: result: -ltiff
configure:15610: checking for gsl-config
configure:15628: found /usr/local/bin/gsl-config
configure:15641: result: /usr/local/bin/gsl-config
configure:15650: checking for GSL - version >= 2.5
configure:15744: g++ -o conftest  -DNDEBUG -funroll-loops -O3 -Wall -pipe -fexpensive-optimizations -D_FILE_OFFSET_BITS=64 -D_LARGEFILE_SOURCE  -DNDEBUG -funroll-loops -O3 -Wall -pipe -fexpensive-optimizations -D_FILE_OFFSET_BITS=64 -D_LARGEFILE_SOURCE  conftest.cpp -ltiff -lz  -ldl -lfftw3f -L/usr/local/Cellar/gsl/2.7.1/lib -lgsl -lgslcblas >&5
clang: warning: optimization flag '-fexpensive-optimizations' is not supported [-Wignored-optimization-argument]
clang: warning: optimization flag '-fexpensive-optimizations' is not supported [-Wignored-optimization-argument]
ld: warning: dylib (/usr/local/lib/libfftw3f.dylib) was built for newer macOS version (11.3) than being linked (11.0)
configure:15744: $? = 0
configure:15744: ./conftest
configure:15744: $? = 0
configure:15758: result: yes
configure:15970: checking that generated files are newer than configure
configure:15976: result: done
configure:16007: creating ./config.status

## ---------------------- ##
## Running config.status. ##
## ---------------------- ##

This file was extended by goctf config.status 1.2.0, which was
generated by GNU Autoconf 2.69.  Invocation command line was

  CONFIG_FILES    = 
  CONFIG_HEADERS  = 
  CONFIG_LINKS    = 
  CONFIG_COMMANDS = 
  $ ./config.status 

on Chenlins-MacBook-Pro.local

config.status:1077: creating Makefile
config.status:1234: executing depfiles commands
config.status:1234: executing libtool commands

## ---------------- ##
## Cache variables. ##
## ---------------- ##

ac_cv_build=x86_64-apple-darwin20.5.0
ac_cv_c_compiler_gnu=yes
ac_cv_cxx_compiler_gnu=yes
ac_cv_env_CCC_set=
ac_cv_env_CCC_value=
ac_cv_env_CC_set=
ac_cv_env_CC_value=
ac_cv_env_CFLAGS_set=
ac_cv_env_CFLAGS_value=
ac_cv_env_CPPFLAGS_set=
ac_cv_env_CPPFLAGS_value=
ac_cv_env_CPP_set=
ac_cv_env_CPP_value=
ac_cv_env_CXXCPP_set=
ac_cv_env_CXXCPP_value=
ac_cv_env_CXXFLAGS_set=
ac_cv_env_CXXFLAGS_value=
ac_cv_env_CXX_set=
ac_cv_env_CXX_value=
ac_cv_env_LDFLAGS_set=
ac_cv_env_LDFLAGS_value=
ac_cv_env_LIBS_set=
ac_cv_env_LIBS_value=
ac_cv_env_build_alias_set=
ac_cv_env_build_alias_value=
ac_cv_env_host_alias_set=
ac_cv_env_host_alias_value=
ac_cv_env_target_alias_set=
ac_cv_env_target_alias_value=
ac_cv_header_dlfcn_h=yes
ac_cv_header_fftw3_h=yes
ac_cv_header_inttypes_h=yes
ac_cv_header_memory_h=yes
ac_cv_header_stdc=yes
ac_cv_header_stdint_h=yes
ac_cv_header_stdlib_h=yes
ac_cv_header_string_h=yes
ac_cv_header_strings_h=yes
ac_cv_header_sys_stat_h=yes
ac_cv_header_sys_types_h=yes
ac_cv_header_tiffio_h=yes
ac_cv_header_unistd_h=yes
ac_cv_host=x86_64-apple-darwin20.5.0
ac_cv_lib_dl_dlopen=yes
ac_cv_lib_fftw3f_fftwf_malloc=yes
ac_cv_lib_mkl_intel_lp64_fftwf_malloc=no
ac_cv_lib_wxtiff_3_0_TIFFOpen=no
ac_cv_objext=o
ac_cv_path_EGREP='/usr/bin/grep -E'
ac_cv_path_FGREP='/usr/bin/grep -F'
ac_cv_path_GREP=/usr/bin/grep
ac_cv_path_GSL_CONFIG=/usr/local/bin/gsl-config
ac_cv_path_SED=/usr/bin/sed
ac_cv_path_install='/usr/bin/install -c'
ac_cv_prog_AWK=awk
ac_cv_prog_CPP='gcc -E'
ac_cv_prog_CXXCPP='g++ -E'
ac_cv_prog_ac_ct_AR=ar
ac_cv_prog_ac_ct_CC=gcc
ac_cv_prog_ac_ct_CXX=g++
ac_cv_prog_ac_ct_DSYMUTIL=dsymutil
ac_cv_prog_ac_ct_LIPO=lipo
ac_cv_prog_ac_ct_NMEDIT=nmedit
ac_cv_prog_ac_ct_OBJDUMP=objdump
ac_cv_prog_ac_ct_OTOOL=otool
ac_cv_prog_ac_ct_RANLIB=ranlib
ac_cv_prog_ac_ct_STRIP=strip
ac_cv_prog_cc_c89=
ac_cv_prog_cc_g=yes
ac_cv_prog_cc_gcc_c_o=yes
ac_cv_prog_cxx_g=yes
ac_cv_prog_make_make_set=yes
ac_cv_search_TIFFOpen=-ltiff
ac_cv_search_inflate=-lz
am_cv_CC_dependencies_compiler_type=gcc3
am_cv_CXX_dependencies_compiler_type=gcc3
am_cv_make_support_nested_variables=yes
lt_cv_apple_cc_single_mod=yes
lt_cv_ar_at_file=no
lt_cv_deplibs_check_method=pass_all
lt_cv_dlopen=dlopen
lt_cv_dlopen_libs=-ldl
lt_cv_dlopen_self=yes
lt_cv_dlopen_self_static=yes
lt_cv_file_magic_cmd='$MAGIC_CMD'
lt_cv_file_magic_test_file=
lt_cv_ld_exported_symbols_list=yes
lt_cv_ld_force_load=yes
lt_cv_ld_reload_flag=-r
lt_cv_nm_interface='BSD nm'
lt_cv_objdir=.libs
lt_cv_path_LD=/Library/Developer/CommandLineTools/usr/bin/ld
lt_cv_path_LDCXX=/Library/Developer/CommandLineTools/usr/bin/ld
lt_cv_path_NM='/usr/bin/nm -B'
lt_cv_path_mainfest_tool=no
lt_cv_prog_compiler_c_o=yes
lt_cv_prog_compiler_c_o_CXX=yes
lt_cv_prog_compiler_pic='-fno-common -DPIC'
lt_cv_prog_compiler_pic_CXX='-fno-common -DPIC'
lt_cv_prog_compiler_pic_works=yes
lt_cv_prog_compiler_pic_works_CXX=yes
lt_cv_prog_compiler_rtti_exceptions=yes
lt_cv_prog_compiler_static_works=no
lt_cv_prog_compiler_static_works_CXX=no
lt_cv_prog_gnu_ld=no
lt_cv_prog_gnu_ldcxx=no
lt_cv_sharedlib_from_linklib_cmd='printf %s\n'
lt_cv_sys_global_symbol_pipe='sed -n -e '\''s/^.*[	 ]\([BCDEGRST][BCDEGRST]*\)[	 ][	 ]*_\([_A-Za-z][_A-Za-z0-9]*\)$/\1 _\2 \2/p'\'' | sed '\''/ __gnu_lto/d'\'''
lt_cv_sys_global_symbol_to_c_name_address='sed -n -e '\''s/^: \([^ ]*\)[ ]*$/  {\"\1\", (void *) 0},/p'\'' -e '\''s/^[BCDEGRST]* \([^ ]*\) \([^ ]*\)$/  {"\2", (void *) \&\2},/p'\'''
lt_cv_sys_global_symbol_to_c_name_address_lib_prefix='sed -n -e '\''s/^: \([^ ]*\)[ ]*$/  {\"\1\", (void *) 0},/p'\'' -e '\''s/^[BCDEGRST]* \([^ ]*\) \(lib[^ ]*\)$/  {"\2", (void *) \&\2},/p'\'' -e '\''s/^[BCDEGRST]* \([^ ]*\) \([^ ]*\)$/  {"lib\2", (void *) \&\2},/p'\'''
lt_cv_sys_global_symbol_to_cdecl='sed -n -e '\''s/^T .* \(.*\)$/extern int \1();/p'\'' -e '\''s/^[BCDEGRST]* .* \(.*\)$/extern char \1;/p'\'''
lt_cv_sys_max_cmd_len=786432
lt_cv_to_host_file_cmd=func_convert_file_noop
lt_cv_to_tool_file_cmd=func_convert_file_noop

## ----------------- ##
## Output variables. ##
## ----------------- ##

ACLOCAL='${SHELL} /Users/zcl/Desktop/goctf-1.2-1.0/missing aclocal-1.13'
AMDEPBACKSLASH='\'
AMDEP_FALSE='#'
AMDEP_TRUE=''
AMTAR='$${TAR-tar}'
AM_BACKSLASH='\'
AM_DEFAULT_V='$(AM_DEFAULT_VERBOSITY)'
AM_DEFAULT_VERBOSITY='1'
AM_V='$(V)'
AR='ar'
AUTOCONF='${SHELL} /Users/zcl/Desktop/goctf-1.2-1.0/missing autoconf'
AUTOHEADER='${SHELL} /Users/zcl/Desktop/goctf-1.2-1.0/missing autoheader'
AUTOMAKE='${SHELL} /Users/zcl/Desktop/goctf-1.2-1.0/missing automake-1.13'
AWK='awk'
CC='gcc'
CCDEPMODE='depmode=gcc3'
CFLAGS='-g -O2'
CPP='gcc -E'
CPPFLAGS=' -DNDEBUG -funroll-loops -O3 -Wall -pipe -fexpensive-optimizations -D_FILE_OFFSET_BITS=64 -D_LARGEFILE_SOURCE'
CXX='g++'
CXXCPP='g++ -E'
CXXDEPMODE='depmode=gcc3'
CXXFLAGS=' -DNDEBUG -funroll-loops -O3 -Wall -pipe -fexpensive-optimizations -D_FILE_OFFSET_BITS=64 -D_LARGEFILE_SOURCE'
CYGPATH_W='echo'
DEFS='-DPACKAGE_NAME=\"goctf\" -DPACKAGE_TARNAME=\"goctf\" -DPACKAGE_VERSION=\"1.2.0\" -DPACKAGE_STRING=\"goctf\ 1.2.0\" -DPACKAGE_BUGREPORT=\"\" -DPACKAGE_URL=\"\" -DPACKAGE=\"goctf\" -DVERSION=\"1.2.0\" -DSTDC_HEADERS=1 -DHAVE_SYS_TYPES_H=1 -DHAVE_SYS_STAT_H=1 -DHAVE_STDLIB_H=1 -DHAVE_STRING_H=1 -DHAVE_MEMORY_H=1 -DHAVE_STRINGS_H=1 -DHAVE_INTTYPES_H=1 -DHAVE_STDINT_H=1 -DHAVE_UNISTD_H=1 -DHAVE_DLFCN_H=1 -DLT_OBJDIR=\".libs/\" -Dwx_is_available=1'
DEPDIR='.deps'
DLLTOOL='false'
DSYMUTIL='dsymutil'
DUMPBIN=''
ECHO_C='\c'
ECHO_N=''
ECHO_T=''
EGREP='/usr/bin/grep -E'
EXEEXT=''
FGREP='/usr/bin/grep -F'
GREP='/usr/bin/grep'
GSL_CFLAGS='-I/usr/local/Cellar/gsl/2.7.1/include'
GSL_CONFIG='/usr/local/bin/gsl-config'
GSL_LIBS='-L/usr/local/Cellar/gsl/2.7.1/lib -lgsl -lgslcblas'
INSTALL_DATA='${INSTALL} -m 644'
INSTALL_PROGRAM='${INSTALL}'
INSTALL_SCRIPT='${INSTALL}'
INSTALL_STRIP_PROGRAM='$(install_sh) -c -s'
LD='/Library/Developer/CommandLineTools/usr/bin/ld'
LDFLAGS=''
LIBOBJS=''
LIBS='-ltiff -lz  -ldl -lfftw3f'
LIBTOOL='$(SHELL) $(top_builddir)/libtool'
LIPO='lipo'
LN_S='ln -s'
LTLIBOBJS=''
MAKEINFO='${SHELL} /Users/zcl/Desktop/goctf-1.2-1.0/missing makeinfo'
MANIFEST_TOOL=':'
MKDIR_P='../install-sh -c -d'
NM='/usr/bin/nm -B'
NMEDIT='nmedit'
OBJDUMP='objdump'
OBJEXT='o'
OTOOL64=':'
OTOOL='otool'
PACKAGE='goctf'
PACKAGE_BUGREPORT=''
PACKAGE_NAME='goctf'
PACKAGE_STRING='goctf 1.2.0'
PACKAGE_TARNAME='goctf'
PACKAGE_URL=''
PACKAGE_VERSION='1.2.0'
PATH_SEPARATOR=':'
RANLIB='ranlib'
SED='/usr/bin/sed'
SET_MAKE=''
SHELL='/bin/sh'
STATIC_LINKING_AM_FALSE=''
STATIC_LINKING_AM_TRUE='#'
STRIP='strip'
VERSION='1.2.0'
WX_CPPFLAGS='-I/usr/local/lib/wx/include/osx_cocoa-unicode-3.1 -I/usr/local/include/wx-3.1 -D_FILE_OFFSET_BITS=64 -DWXUSINGDLL -D__WXMAC__ -D__WXOSX__ -D__WXOSX_COCOA__'
WX_CPPFLAGS_BASE='-I/usr/local/lib/wx/include/osx_cocoa-unicode-3.1 -I/usr/local/include/wx-3.1 -D_FILE_OFFSET_BITS=64 -DWXUSINGDLL -D__WXMAC__ -D__WXOSX__ -D__WXOSX_COCOA__ -DwxUSE_GUI=0'
WX_LIBS='-L/usr/local/lib   -framework IOKit -framework Carbon -framework Cocoa -framework QuartzCore -framework AudioToolbox -framework System -framework OpenGL -lwx_osx_cocoau_richtext-3.1 -lwx_osx_cocoau_aui-3.1 -lwx_osx_cocoau_xrc-3.1 -lwx_osx_cocoau_html-3.1 -lwx_osx_cocoau_qa-3.1 -lwx_osx_cocoau_core-3.1 -lwx_baseu_xml-3.1 -lwx_baseu_net-3.1 -lwx_baseu-3.1 '
WX_LIBS_BASE='-L/usr/local/lib   -framework IOKit -framework Carbon -framework Cocoa -framework QuartzCore -framework AudioToolbox -framework System -framework OpenGL -lwx_baseu-3.1 -lwx_baseu_net-3.1 '
ac_ct_AR='ar'
ac_ct_CC='gcc'
ac_ct_CXX='g++'
ac_ct_DUMPBIN=''
am__EXEEXT_FALSE=''
am__EXEEXT_TRUE='#'
am__fastdepCC_FALSE='#'
am__fastdepCC_TRUE=''
am__fastdepCXX_FALSE='#'
am__fastdepCXX_TRUE=''
am__include='include'
am__isrc=' -I$(srcdir)'
am__leading_dot='.'
am__nodep='_no'
am__quote=''
am__tar='$${TAR-tar} chof - "$$tardir"'
am__untar='$${TAR-tar} xf -'
bindir='${exec_prefix}/bin'
build='x86_64-apple-darwin20.5.0'
build_alias=''
build_cpu='x86_64'
build_os='darwin20.5.0'
build_vendor='apple'
datadir='${datarootdir}'
datarootdir='${prefix}/share'
docdir='${datarootdir}/doc/${PACKAGE_TARNAME}'
dvidir='${docdir}'
exec_prefix='${prefix}'
host='x86_64-apple-darwin20.5.0'
host_alias=''
host_cpu='x86_64'
host_os='darwin20.5.0'
host_vendor='apple'
htmldir='${docdir}'
includedir='${prefix}/include'
infodir='${datarootdir}/info'
install_sh='${SHELL} /Users/zcl/Desktop/goctf-1.2-1.0/install-sh'
libdir='${exec_prefix}/lib'
libexecdir='${exec_prefix}/libexec'
localedir='${datarootdir}/locale'
localstatedir='${prefix}/var'
mandir='${datarootdir}/man'
mkdir_p='$(MKDIR_P)'
oldincludedir='/usr/include'
pdfdir='${docdir}'
prefix='/usr/local'
program_transform_name='s,x,x,'
psdir='${docdir}'
sbindir='${exec_prefix}/sbin'
sharedstatedir='${prefix}/com'
sysconfdir='${prefix}/etc'
target_alias=''

## ----------- ##
## confdefs.h. ##
## ----------- ##

/* confdefs.h */
#define PACKAGE_NAME "goctf"
#define PACKAGE_TARNAME "goctf"
#define PACKAGE_VERSION "1.2.0"
#define PACKAGE_STRING "goctf 1.2.0"
#define PACKAGE_BUGREPORT ""
#define PACKAGE_URL ""
#define PACKAGE "goctf"
#define VERSION "1.2.0"
#define STDC_HEADERS 1
#define HAVE_SYS_TYPES_H 1
#define HAVE_SYS_STAT_H 1
#define HAVE_STDLIB_H 1
#define HAVE_STRING_H 1
#define HAVE_MEMORY_H 1
#define HAVE_STRINGS_H 1
#define HAVE_INTTYPES_H 1
#define HAVE_STDINT_H 1
#define HAVE_UNISTD_H 1
#define HAVE_DLFCN_H 1
#define LT_OBJDIR ".libs/"
#define wx_is_available 1

configure: exit 0
